# JRE version: OpenJDK Runtime Environment Temurin-17.0.3+7 (17.0.3+7) (build 17.0.3+7)
# Java VM: OpenJDK 64-Bit Server VM Temurin-17.0.3+7 (17.0.3+7, mixed mode, tiered, compressed oops, compressed class ptrs, g1 gc, windows-amd64)
GC Precious Log:
 CPUs: 8 total, 8 available
 Memory: 8075M
 Large Page Support: Disabled
 NUMA Support: Disabled
 Compressed Oops: Enabled (32-bit)
 Heap Region Size: 1M
 Heap Min Capacity: 8M
 Heap Initial Capacity: 128M
 Heap Max Capacity: 2020M
 Pre-touch: Disabled
 Parallel Workers: 8
 Concurrent Workers: 2
 Concurrent Refinement Workers: 8
 Periodic GC: Disabled
Heap:
 garbage-first heap   total 51200K, used 36060K [0x0000000081c00000, 0x0000000100000000)
  region size 1024K, 24 young (24576K), 4 survivors (4096K)
 Metaspace       used 45865K, committed 46272K, reserved 1097728K
  class space    used 5795K, committed 5952K, reserved 1048576K
GC Heap History (18 events):
Event: 0.822 GC heap before
{Heap before GC invocations=0 (full 0):
 garbage-first heap   total 131072K, used 23552K [0x0000000081c00000, 0x0000000100000000)
  region size 1024K, 23 young (23552K), 0 survivors (0K)
 Metaspace       used 13683K, committed 13888K, reserved 1064960K
  class space    used 1516K, committed 1600K, reserved 1048576K
}
Event: 0.826 GC heap after
{Heap after GC invocations=1 (full 0):
 garbage-first heap   total 131072K, used 5376K [0x0000000081c00000, 0x0000000100000000)
  region size 1024K, 3 young (3072K), 3 survivors (3072K)
 Metaspace       used 13683K, committed 13888K, reserved 1064960K
  class space    used 1516K, committed 1600K, reserved 1048576K
}
Event: 1.247 GC heap before
{Heap before GC invocations=1 (full 0):
 garbage-first heap   total 131072K, used 30976K [0x0000000081c00000, 0x0000000100000000)
  region size 1024K, 29 young (29696K), 3 survivors (3072K)
 Metaspace       used 21304K, committed 21504K, reserved 1073152K
  class space    used 2485K, committed 2624K, reserved 1048576K
}
Event: 1.253 GC heap after
{Heap after GC invocations=2 (full 0):
 garbage-first heap   total 131072K, used 7017K [0x0000000081c00000, 0x0000000100000000)
  region size 1024K, 2 young (2048K), 2 survivors (2048K)
 Metaspace       used 21304K, committed 21504K, reserved 1073152K
  class space    used 2485K, committed 2624K, reserved 1048576K
}
Event: 1.736 GC heap before
{Heap before GC invocations=3 (full 0):
 garbage-first heap   total 34816K, used 25449K [0x0000000081c00000, 0x0000000100000000)
  region size 1024K, 21 young (21504K), 2 survivors (2048K)
 Metaspace       used 23700K, committed 24000K, reserved 1073152K
  class space    used 2789K, committed 2944K, reserved 1048576K
}
Event: 1.741 GC heap after
{Heap after GC invocations=4 (full 0):
 garbage-first heap   total 34816K, used 8182K [0x0000000081c00000, 0x0000000100000000)
  region size 1024K, 3 young (3072K), 3 survivors (3072K)
 Metaspace       used 23700K, committed 24000K, reserved 1073152K
  class space    used 2789K, committed 2944K, reserved 1048576K
}
Event: 1.765 GC heap before
{Heap before GC invocations=4 (full 0):
 garbage-first heap   total 34816K, used 9206K [0x0000000081c00000, 0x0000000100000000)
  region size 1024K, 4 young (4096K), 3 survivors (3072K)
 Metaspace       used 23955K, committed 24256K, reserved 1073152K
  class space    used 2816K, committed 2944K, reserved 1048576K
}
Event: 1.772 GC heap after
{Heap after GC invocations=5 (full 0):
 garbage-first heap   total 34816K, used 8293K [0x0000000081c00000, 0x0000000100000000)
  region size 1024K, 1 young (1024K), 1 survivors (1024K)
 Metaspace       used 23955K, committed 24256K, reserved 1073152K
  class space    used 2816K, committed 2944K, reserved 1048576K
}
Event: 2.211 GC heap before
{Heap before GC invocations=5 (full 0):
 garbage-first heap   total 34816K, used 23653K [0x0000000081c00000, 0x0000000100000000)
  region size 1024K, 16 young (16384K), 1 survivors (1024K)
 Metaspace       used 27187K, committed 27392K, reserved 1073152K
  class space    used 3270K, committed 3392K, reserved 1048576K
}
Event: 2.215 GC heap after
{Heap after GC invocations=6 (full 0):
 garbage-first heap   total 34816K, used 9276K [0x0000000081c00000, 0x0000000100000000)
  region size 1024K, 2 young (2048K), 2 survivors (2048K)
 Metaspace       used 27187K, committed 27392K, reserved 1073152K
  class space    used 3270K, committed 3392K, reserved 1048576K
}
Event: 2.664 GC heap before
{Heap before GC invocations=6 (full 0):
 garbage-first heap   total 34816K, used 24636K [0x0000000081c00000, 0x0000000100000000)
  region size 1024K, 17 young (17408K), 2 survivors (2048K)
 Metaspace       used 31225K, committed 31552K, reserved 1081344K
  class space    used 3778K, committed 3904K, reserved 1048576K
}
Event: 2.670 GC heap after
{Heap after GC invocations=7 (full 0):
 garbage-first heap   total 34816K, used 11316K [0x0000000081c00000, 0x0000000100000000)
  region size 1024K, 3 young (3072K), 3 survivors (3072K)
 Metaspace       used 31225K, committed 31552K, reserved 1081344K
  class space    used 3778K, committed 3904K, reserved 1048576K
}
Event: 3.016 GC heap before
{Heap before GC invocations=7 (full 0):
 garbage-first heap   total 34816K, used 25652K [0x0000000081c00000, 0x0000000100000000)
  region size 1024K, 17 young (17408K), 3 survivors (3072K)
 Metaspace       used 34389K, committed 34688K, reserved 1081344K
  class space    used 4204K, committed 4352K, reserved 1048576K
}
Event: 3.020 GC heap after
{Heap after GC invocations=8 (full 0):
 garbage-first heap   total 34816K, used 12872K [0x0000000081c00000, 0x0000000100000000)
  region size 1024K, 2 young (2048K), 2 survivors (2048K)
 Metaspace       used 34389K, committed 34688K, reserved 1081344K
  class space    used 4204K, committed 4352K, reserved 1048576K
}
Event: 3.131 GC heap before
{Heap before GC invocations=8 (full 0):
 garbage-first heap   total 34816K, used 15944K [0x0000000081c00000, 0x0000000100000000)
  region size 1024K, 6 young (6144K), 2 survivors (2048K)
 Metaspace       used 35738K, committed 35968K, reserved 1081344K
  class space    used 4418K, committed 4544K, reserved 1048576K
}
Event: 3.133 GC heap after
{Heap after GC invocations=9 (full 0):
 garbage-first heap   total 58368K, used 13325K [0x0000000081c00000, 0x0000000100000000)
  region size 1024K, 1 young (1024K), 1 survivors (1024K)
 Metaspace       used 35738K, committed 35968K, reserved 1081344K
  class space    used 4418K, committed 4544K, reserved 1048576K
}
Event: 3.881 GC heap before
{Heap before GC invocations=10 (full 0):
 garbage-first heap   total 51200K, used 41997K [0x0000000081c00000, 0x0000000100000000)
  region size 1024K, 29 young (29696K), 1 survivors (1024K)
 Metaspace       used 40883K, committed 41216K, reserved 1089536K
  class space    used 5184K, committed 5312K, reserved 1048576K
}
Event: 3.886 GC heap after
{Heap after GC invocations=11 (full 0):
 garbage-first heap   total 51200K, used 16604K [0x0000000081c00000, 0x0000000100000000)
  region size 1024K, 4 young (4096K), 4 survivors (4096K)
 Metaspace       used 40883K, committed 41216K, reserved 1089536K
  class space    used 5184K, committed 5312K, reserved 1048576K
}

